[2017-11-22 23:41:44 PST : 312Coin : DEBUG] "starting"
[2017-11-22 23:59:01 PST : 312Coin : DEBUG] "Starting Server"
[2017-11-23 00:34:39 PST : 312Coin : DEBUG] "Starting Server"
[2017-11-23 00:34:39 PST : 312Coin : DEBUG] "Server Running on 8080"
[2017-11-23 00:36:00 PST : 312Coin : DEBUG] "Starting Server"
[2017-11-24 13:19:54 PST : 312Coin : DEBUG] "Starting Server"
[2017-11-27 11:56:47 PST : 312Coin : DEBUG] "Starting Server"
[2017-11-27 12:22:51 PST : 312Coin : DEBUG] "Starting Server"
[2017-11-27 15:16:08 PST : 312Coin : DEBUG] "Starting Server"
[2017-11-27 15:17:15 PST : 312Coin : DEBUG] "Starting Server"
[2017-11-27 17:15:39 PST : 312Coin : DEBUG] "Starting Server"
[2017-11-27 17:21:27 PST : 312Coin : DEBUG] "Starting Server"
[2017-11-27 17:35:12 PST : 312Coin : DEBUG] "Starting Server"
[2017-11-27 17:47:14 PST : 312Coin : DEBUG] "Starting Server"
[2017-11-28 15:14:29 PST : 312Coin : DEBUG] "Starting Server"
[2017-11-28 15:24:42 PST : 312Coin : DEBUG] "Starting Server"
[2017-11-28 15:24:47 PST : 312Coin : DEBUG] "[Node {name = \"master\", uuid = 0, address = \"localhost:1234\"}]"
[2017-11-28 15:24:49 PST : 312Coin : DEBUG] "[Node {name = \"master\", uuid = 0, address = \"localhost:1234\"},Node {name = \"Corey\", uuid = 1, address = \"http://localhost:4331\"}]"
[2017-11-28 15:25:03 PST : 312Coin : DEBUG] "[Node {name = \"master\", uuid = 0, address = \"localhost:1234\"},Node {name = \"Corey\", uuid = 1, address = \"http://localhost:4331\"},Node {name = \"Lyndon\", uuid = 2, address = \"http://localhost:4321\"}]"
[2017-11-28 15:25:08 PST : 312Coin : DEBUG] "[Block {index = 0, previousHash = \"0\", timestamp = 0, blockData = [], nonce = 6667, blockHash = \"00000f96624359497b21f3854ffb8aabe7b8853a0feab78b72656ea0348ec354\"}]"
[2017-11-28 15:25:13 PST : 312Coin : DEBUG] "Grabbing transactions"
[2017-11-28 15:25:15 PST : 312Coin : DEBUG] "adding new block"
[2017-11-28 15:25:15 PST : 312Coin : DEBUG] "[Block {index = 0, previousHash = \"0\", timestamp = 0, blockData = [], nonce = 6667, blockHash = \"00000f96624359497b21f3854ffb8aabe7b8853a0feab78b72656ea0348ec354\"},Block {index = 1, previousHash = \"00000f96624359497b21f3854ffb8aabe7b8853a0feab78b72656ea0348ec354\", timestamp = 1511911513, blockData = [], nonce = 62903, blockHash = \"000045370c2747c59d24b47d9fc71a8b845739d22df588f11552cfbb410d76d2\"}]"
